<?xml version="1.0" encoding="UTF-8"?>
<!-- Generated by org.testng.reporters.JUnitXMLReporter -->
<testsuite ignored="0" hostname="DESKTOP-QVFICS5" failures="0" tests="8" name="Default test" time="81.777" errors="0" timestamp="2022-12-23T23:27:50 EST">
  <testcase classname="com.DemoPOM.TestPage1" name="Test1" time="2.401"/>
  <testcase classname="com.DemoPOM.TestPage1" name="Test2" time="0.101"/>
  <testcase classname="com.DemoPOM.TestPage1" name="Test3" time="0.054"/>
  <testcase classname="com.DemoPOM.TestPage1" name="Test4" time="15.581"/>
  <testcase classname="com.DemoPOM.TestPage1" name="Test5" time="7.205"/>
  <testcase classname="com.DemoPOM.TestPage1" name="Test6" time="12.397"/>
  <testcase classname="com.DemoPOM.TestPage1" name="Test7" time="22.404"/>
  <testcase classname="com.DemoPOM.TestPage1" name="Test8" time="9.128"/>
</testsuite> <!-- Default test -->
