<?xml version="1.0" encoding="UTF-8"?>
<testng-results ignored="0" total="8" passed="8" failed="0" skipped="0">
  <reporter-output>
  </reporter-output>
  <suite started-at="2022-12-23T23:26:29 EST" name="Default suite" finished-at="2022-12-23T23:27:50 EST" duration-ms="81777">
    <groups>
    </groups>
    <test started-at="2022-12-23T23:26:29 EST" name="Default test" finished-at="2022-12-23T23:27:50 EST" duration-ms="81777">
      <class name="com.DemoPOM.TestPage1">
        <test-method is-config="true" signature="BC()[pri:0, instance:com.DemoPOM.TestPage1@67c27493]" started-at="2022-12-23T23:26:29 EST" name="BC" finished-at="2022-12-23T23:26:36 EST" duration-ms="7005" status="PASS">
          <reporter-output>
          </reporter-output>
        </test-method> <!-- BC -->
        <test-method signature="Test1()[pri:0, instance:com.DemoPOM.TestPage1@67c27493]" started-at="2022-12-23T23:26:36 EST" name="Test1" finished-at="2022-12-23T23:26:38 EST" duration-ms="2401" status="PASS">
          <reporter-output>
          </reporter-output>
        </test-method> <!-- Test1 -->
        <test-method signature="Test2()[pri:0, instance:com.DemoPOM.TestPage1@67c27493]" started-at="2022-12-23T23:26:38 EST" name="Test2" finished-at="2022-12-23T23:26:38 EST" duration-ms="101" status="PASS">
          <reporter-output>
          </reporter-output>
        </test-method> <!-- Test2 -->
        <test-method signature="Test3()[pri:0, instance:com.DemoPOM.TestPage1@67c27493]" started-at="2022-12-23T23:26:38 EST" name="Test3" finished-at="2022-12-23T23:26:38 EST" duration-ms="54" status="PASS">
          <reporter-output>
          </reporter-output>
        </test-method> <!-- Test3 -->
        <test-method signature="Test4()[pri:0, instance:com.DemoPOM.TestPage1@67c27493]" started-at="2022-12-23T23:26:38 EST" name="Test4" finished-at="2022-12-23T23:26:54 EST" duration-ms="15581" status="PASS">
          <reporter-output>
          </reporter-output>
        </test-method> <!-- Test4 -->
        <test-method signature="Test5()[pri:0, instance:com.DemoPOM.TestPage1@67c27493]" started-at="2022-12-23T23:26:54 EST" name="Test5" finished-at="2022-12-23T23:27:01 EST" duration-ms="7205" status="PASS">
          <reporter-output>
          </reporter-output>
        </test-method> <!-- Test5 -->
        <test-method signature="Test6()[pri:0, instance:com.DemoPOM.TestPage1@67c27493]" started-at="2022-12-23T23:27:01 EST" name="Test6" finished-at="2022-12-23T23:27:13 EST" duration-ms="12397" status="PASS">
          <reporter-output>
          </reporter-output>
        </test-method> <!-- Test6 -->
        <test-method signature="Test7()[pri:0, instance:com.DemoPOM.TestPage1@67c27493]" started-at="2022-12-23T23:27:13 EST" name="Test7" finished-at="2022-12-23T23:27:36 EST" duration-ms="22404" status="PASS">
          <reporter-output>
          </reporter-output>
        </test-method> <!-- Test7 -->
        <test-method signature="Test8()[pri:0, instance:com.DemoPOM.TestPage1@67c27493]" started-at="2022-12-23T23:27:36 EST" name="Test8" finished-at="2022-12-23T23:27:45 EST" duration-ms="9128" status="PASS">
          <reporter-output>
          </reporter-output>
        </test-method> <!-- Test8 -->
        <test-method is-config="true" signature="CB()[pri:0, instance:com.DemoPOM.TestPage1@67c27493]" started-at="2022-12-23T23:27:45 EST" name="CB" finished-at="2022-12-23T23:27:50 EST" duration-ms="5456" status="PASS">
          <reporter-output>
          </reporter-output>
        </test-method> <!-- CB -->
      </class> <!-- com.DemoPOM.TestPage1 -->
    </test> <!-- Default test -->
  </suite> <!-- Default suite -->
</testng-results>
